<?xml version="1.0" encoding="UTF-8"?>
<!-- Generated by org.testng.reporters.JUnitReportReporter -->
<testsuite hostname="DESKTOP-V99HU7G" failures="0" tests="8" name="practice.DataProviderExcel" time="0.053" errors="0" timestamp="2022-01-21T09:53:08 IST" skipped="0">
  <testcase classname="practice.DataProviderExcel" name="addToCart" time="0.003"/>
  <system-out/>
  <testcase classname="practice.DataProviderExcel" name="addToCart" time="0.012"/>
  <system-out/>
  <testcase classname="practice.DataProviderExcel" name="addToCart" time="0.013"/>
  <system-out/>
  <testcase classname="practice.DataProviderExcel" name="addToCart" time="0.006"/>
  <system-out/>
  <testcase classname="practice.DataProviderExcel" name="addToCart" time="0.008"/>
  <system-out/>
  <testcase classname="practice.DataProviderExcel" name="addToCart" time="0.006"/>
  <system-out/>
  <testcase classname="practice.DataProviderExcel" name="addToCart" time="0.003"/>
  <system-out/>
  <testcase classname="practice.DataProviderExcel" name="addToCart" time="0.002"/>
  <system-out/>
</testsuite> <!-- practice.DataProviderExcel -->
