<?xml version="1.0" encoding="UTF-8"?>
<!-- Generated by org.testng.reporters.JUnitReportReporter -->
<testsuite hostname="DESKTOP-V99HU7G" failures="0" tests="2" name="com.crm.comcast.orgTest.CreateOrganizationWithIndDropDownTest" time="43.356" errors="0" timestamp="2022-01-20T19:59:59 IST" skipped="0">
  <testcase classname="com.crm.comcast.orgTest.CreateOrganizationWithIndDropDownTest" name="createOrganiztionTE" time="19.246"/>
  <system-out/>
  <testcase classname="com.crm.comcast.orgTest.CreateOrganizationWithIndDropDownTest" name="createOrganizationT" time="24.110"/>
  <system-out/>
</testsuite> <!-- com.crm.comcast.orgTest.CreateOrganizationWithIndDropDownTest -->
