<?xml version="1.0" encoding="UTF-8"?>
<!-- Generated by org.testng.reporters.JUnitReportReporter -->
<testsuite hostname="DESKTOP-V99HU7G" failures="0" tests="1" name="com.crm.comcast.orgTest.ProjectUnitTest_testng" time="0.483" errors="0" timestamp="2022-01-13T10:40:04 IST" skipped="0">
  <testcase classname="com.crm.comcast.orgTest.ProjectUnitTest_testng" name="projectUnitTest" time="0.483"/>
  <system-out/>
</testsuite> <!-- com.crm.comcast.orgTest.ProjectUnitTest_testng -->
